Arguments: 
  C:\Program Files\nodejs\node.exe C:\Program Files (x86)\Yarn\bin\yarn.js add webapck webpack-cli webpack-dev-server

PATH: 
  C:\WINDOWS\system32;C:\WINDOWS;C:\WINDOWS\System32\Wbem;C:\WINDOWS\System32\WindowsPowerShell\v1.0\;C:\WINDOWS\System32\OpenSSH\;C:\Program Files (x86)\Yarn\bin\;C:\Program Files\Git\cmd;C:\Users\EDZ\AppData\Roaming\nvm;C:\Program Files\nodejs;D:\Downloads\cmder_mini;C:\Program Files\Redis\;C:\Program Files (x86)\NetSarang\Xftp 7\;C:\Program Files (x86)\NetSarang\Xshell 7\;D:\Downloads\scrcpy-win64-v1.17;C:\Users\EDZ\AppData\Local\Programs\Python\Python39\Scripts\;C:\Users\EDZ\AppData\Local\Programs\Python\Python39\;C:\Users\EDZ\AppData\Local\Microsoft\WindowsApps;C:\Users\EDZ\AppData\Roaming\npm;C:\Users\EDZ\AppData\Local\Programs\Microsoft VS Code\bin;C:\Users\EDZ\AppData\Local\Yarn\bin;C:\Users\EDZ\AppData\Roaming\nvm;C:\Program Files\nodejs;C:\Users\EDZ\AppData\Local\Microsoft\WindowsApps;C:\Program Files\Bandizip\

Yarn version: 
  1.22.4

Node version: 
  16.5.0

Platform: 
  win32 x64

Trace: 
  Error: https://registry.npm.taobao.org/webapck: Not found
      at Request.params.callback [as _callback] (C:\Program Files (x86)\Yarn\lib\cli.js:66096:18)
      at Request.self.callback (C:\Program Files (x86)\Yarn\lib\cli.js:140748:22)
      at Request.emit (node:events:394:28)
      at Request.<anonymous> (C:\Program Files (x86)\Yarn\lib\cli.js:141720:10)
      at Request.emit (node:events:394:28)
      at IncomingMessage.<anonymous> (C:\Program Files (x86)\Yarn\lib\cli.js:141642:12)
      at Object.onceWrapper (node:events:513:28)
      at IncomingMessage.emit (node:events:406:35)
      at endReadableNT (node:internal/streams/readable:1331:12)
      at processTicksAndRejections (node:internal/process/task_queues:83:21)

npm manifest: 
  {
    "name": "learn-snabbdom",
    "version": "1.0.0",
    "description": "",
    "main": "index.js",
    "scripts": {
      "test": "echo \"Error: no test specified\" && exit 1"
    },
    "keywords": [],
    "author": "",
    "license": "ISC",
    "dependencies": {
      "snabbdom": "^3.0.3"
    }
  }

yarn manifest: 
  No manifest

Lockfile: 
  # THIS IS AN AUTOGENERATED FILE. DO NOT EDIT THIS FILE DIRECTLY.
  # yarn lockfile v1
  
  
  snabbdom@^3.0.3:
    version "3.0.3"
    resolved "https://registry.nlark.com/snabbdom/download/snabbdom-3.0.3.tgz#13ff22fbdd1c971ace1af55d4831bdb4972aafd0"
    integrity sha1-E/8i+90clxrOGvVdSDG9tJcqr9A=
